[0.141s] Invoking command in 'C:\Users\SSAFY\Desktop\dev_ws\src\build\pubsub_cpp': C:\Program Files (x86)\Microsoft Visual Studio\2019\Community\Common7\IDE\CommonExtensions\Microsoft\CMake\CMake\bin\cmake.EXE C:\Users\SSAFY\Desktop\dev_ws\src\pubsub_cpp -DCMAKE_INSTALL_PREFIX=C:\Users\SSAFY\Desktop\dev_ws\src\install\pubsub_cpp
[0.172s] -- Selecting Windows SDK version 10.0.19041.0 to target Windows 10.0.19045.
[0.219s] -- Found ament_cmake: 0.8.2 (C:/dev/ros2-windows/share/ament_cmake/cmake)
[0.281s] -- Using PYTHON_EXECUTABLE: C:/Python37/python.exe
[0.641s] -- Found rclcpp: 0.8.4 (C:/dev/ros2-windows/share/rclcpp/cmake)
[0.688s] -- Found rosidl_adapter: 0.8.2 (C:/dev/ros2-windows/share/rosidl_adapter/cmake)
[0.750s] -- Found rmw_implementation_cmake: 0.8.1 (C:/dev/ros2-windows/share/rmw_implementation_cmake/cmake)
[0.766s] -- Using RMW implementation 'rmw_fastrtps_cpp' as default
[0.828s] -- Found std_msgs: 0.8.1 (C:/dev/ros2-windows/share/std_msgs/cmake)
[0.859s] -- Found ament_lint_auto: 0.8.1 (C:/dev/ros2-windows/share/ament_lint_auto/cmake)
[1.063s] -- Added test 'copyright' to check for copyright in CMake / C / C++ / Python code
[1.063s] -- Added test 'cppcheck' to perform static code analysis on C / C++ code
[1.063s] -- Configured cppcheck include dirs: 
[1.078s] -- Added test 'cpplint' to check C / C++ code against the Google style
[1.078s] -- Added test 'lint_cmake' to check CMake code style
[1.094s] -- Added test 'uncrustify' to check C / C++ code style
[1.094s] -- Added test 'xmllint' to check XML markup files
[1.188s] -- Configuring done
[1.344s] -- Generating done
[1.344s] -- Build files have been written to: C:/Users/SSAFY/Desktop/dev_ws/src/build/pubsub_cpp
[1.359s] Invoked command in 'C:\Users\SSAFY\Desktop\dev_ws\src\build\pubsub_cpp' returned '0': C:\Program Files (x86)\Microsoft Visual Studio\2019\Community\Common7\IDE\CommonExtensions\Microsoft\CMake\CMake\bin\cmake.EXE C:\Users\SSAFY\Desktop\dev_ws\src\pubsub_cpp -DCMAKE_INSTALL_PREFIX=C:\Users\SSAFY\Desktop\dev_ws\src\install\pubsub_cpp
[1.359s] Invoking command in 'C:\Users\SSAFY\Desktop\dev_ws\src\build\pubsub_cpp': CL=/MP C:\Program Files (x86)\Microsoft Visual Studio\2019\Community\Common7\IDE\CommonExtensions\Microsoft\CMake\CMake\bin\cmake.EXE --build C:\Users\SSAFY\Desktop\dev_ws\src\build\pubsub_cpp --config Release
[1.484s] .NET Framework용 Microsoft (R) Build Engine 버전 16.11.2+f32259642
[1.484s] Copyright (C) Microsoft Corporation. All rights reserved.
[1.484s] 
[1.875s]   Checking Build System
[2.078s]   Building Custom Rule C:/Users/SSAFY/Desktop/dev_ws/src/pubsub_cpp/CMakeLists.txt
[2.281s]   pub.cpp
[3.719s] C:\Users\SSAFY\Desktop\dev_ws\src\pubsub_cpp\src\pub.cpp(38,1): error C2628: 'Pub' 다음에 'int'이(가) 올 수 없습니다. ';'이 있어야 합니다. [C:\Users\SSAFY\Desktop\dev_ws\src\build\pubsub_cpp\pub.vcxproj]
[3.719s] C:\Users\SSAFY\Desktop\dev_ws\src\pubsub_cpp\src\pub.cpp(39,1): error C3874: 'main'의 반환 형식이 'int'이어야 하는데 'Pub'입니다. [C:\Users\SSAFY\Desktop\dev_ws\src\build\pubsub_cpp\pub.vcxproj]
[3.719s] C:\Users\SSAFY\Desktop\dev_ws\src\pubsub_cpp\src\pub.cpp(44,13): error C2440: 'return': 'int'에서 'Pub'(으)로 변환할 수 없습니다. [C:\Users\SSAFY\Desktop\dev_ws\src\build\pubsub_cpp\pub.vcxproj]
[3.719s] C:\Users\SSAFY\Desktop\dev_ws\src\pubsub_cpp\src\pub.cpp(44,13): message : 소스 형식을 가져올 수 있는 생성자가 없거나 생성자 오버로드 확인이 모호합니다. [C:\Users\SSAFY\Desktop\dev_ws\src\build\pubsub_cpp\pub.vcxproj]
[4.000s] Invoked command in 'C:\Users\SSAFY\Desktop\dev_ws\src\build\pubsub_cpp' returned '1': CL=/MP C:\Program Files (x86)\Microsoft Visual Studio\2019\Community\Common7\IDE\CommonExtensions\Microsoft\CMake\CMake\bin\cmake.EXE --build C:\Users\SSAFY\Desktop\dev_ws\src\build\pubsub_cpp --config Release
