-- Selecting Windows SDK version 10.0.19041.0 to target Windows 10.0.19045.
-- Found ament_cmake: 0.8.2 (C:/dev/ros2-windows/share/ament_cmake/cmake)
-- Using PYTHON_EXECUTABLE: C:/Python37/python.exe
-- Override CMake install command with custom implementation using symlinks instead of copying resources
-- Found rclcpp: 0.8.4 (C:/dev/ros2-windows/share/rclcpp/cmake)
-- Found rosidl_adapter: 0.8.2 (C:/dev/ros2-windows/share/rosidl_adapter/cmake)
-- Found rmw_implementation_cmake: 0.8.1 (C:/dev/ros2-windows/share/rmw_implementation_cmake/cmake)
-- Using RMW implementation 'rmw_fastrtps_cpp' as default
-- Found std_msgs: 0.8.1 (C:/dev/ros2-windows/share/std_msgs/cmake)
-- Found tutorial_interfaces: 0.0.0 (C:/Users/SSAFY/Desktop/dev_ws/src/install/tutorial_interfaces/share/tutorial_interfaces/cmake)
-- Found ament_lint_auto: 0.8.1 (C:/dev/ros2-windows/share/ament_lint_auto/cmake)
-- Added test 'copyright' to check for copyright in CMake / C / C++ / Python code
-- Added test 'cppcheck' to perform static code analysis on C / C++ code
-- Configured cppcheck include dirs: 
-- Added test 'cpplint' to check C / C++ code against the Google style
-- Added test 'lint_cmake' to check CMake code style
-- Added test 'uncrustify' to check C / C++ code style
-- Added test 'xmllint' to check XML markup files
-- Configuring done
-- Generating done
-- Build files have been written to: C:/Users/SSAFY/Desktop/dev_ws/src/build/pubsub_cpp
.NET Framework용 Microsoft (R) Build Engine 버전 16.11.2+f32259642
Copyright (C) Microsoft Corporation. All rights reserved.

  pub.cpp
C:\Users\SSAFY\Desktop\dev_ws\src\pubsub_cpp\src\pub.cpp(38,53): error C2039: 'num': 'tutorial_interfaces::msg'의 멤버가 아닙니다. [C:\Users\SSAFY\Desktop\dev_ws\src\build\pubsub_cpp\pub.vcxproj]
C:\Users\SSAFY\Desktop\dev_ws\src\install\tutorial_interfaces\include\tutorial_interfaces/msg/num__struct.hpp(26): message : 'tutorial_interfaces::msg' 선언을 참조하십시오. [C:\Users\SSAFY\Desktop\dev_ws\src\build\pubsub_cpp\pub.vcxproj]
C:\Users\SSAFY\Desktop\dev_ws\src\pubsub_cpp\src\pub.cpp(38,56): error C2065: 'num': 선언되지 않은 식별자입니다. [C:\Users\SSAFY\Desktop\dev_ws\src\build\pubsub_cpp\pub.vcxproj]
C:\Users\SSAFY\Desktop\dev_ws\src\pubsub_cpp\src\pub.cpp(38,17): error C2923: 'rclcpp::Publisher': 'num'은(는) 'MessageT' 매개 변수에 대한 올바른 템플릿 형식 인수가 아닙니다. [C:\Users\SSAFY\Desktop\dev_ws\src\build\pubsub_cpp\pub.vcxproj]
C:\Users\SSAFY\Desktop\dev_ws\src\pubsub_cpp\src\pub.cpp(38): message : 'num' 선언을 참조하십시오. [C:\Users\SSAFY\Desktop\dev_ws\src\build\pubsub_cpp\pub.vcxproj]
C:\Users\SSAFY\Desktop\dev_ws\src\pubsub_cpp\src\pub.cpp(38,17): error C2976: 'rclcpp::Publisher': 템플릿 인수가 너무 적습니다. [C:\Users\SSAFY\Desktop\dev_ws\src\build\pubsub_cpp\pub.vcxproj]
C:\dev\ros2-windows\include\rclcpp/publisher.hpp(51): message : 'rclcpp::Publisher' 선언을 참조하십시오. [C:\Users\SSAFY\Desktop\dev_ws\src\build\pubsub_cpp\pub.vcxproj]
C:\Users\SSAFY\Desktop\dev_ws\src\pubsub_cpp\src\pub.cpp(38,59): error C2955: 'rclcpp::Publisher': 클래스 템플릿을(를) 사용하려면 템플릿 인수 목록이 필요합니다. [C:\Users\SSAFY\Desktop\dev_ws\src\build\pubsub_cpp\pub.vcxproj]
C:\dev\ros2-windows\include\rclcpp/publisher.hpp(51): message : 'rclcpp::Publisher' 선언을 참조하십시오. [C:\Users\SSAFY\Desktop\dev_ws\src\build\pubsub_cpp\pub.vcxproj]
C:\Users\SSAFY\Desktop\dev_ws\src\pubsub_cpp\src\pub.cpp(47,1): warning C4624: 'MyPublisher': 소멸자가 암시적으로 삭제된 것으로 정의되었습니다. [C:\Users\SSAFY\Desktop\dev_ws\src\build\pubsub_cpp\pub.vcxproj]
C:\Users\SSAFY\Desktop\dev_ws\src\pubsub_cpp\src\pub.cpp(47,1): error C2282: 'MyPublisher::~MyPublisher'은(는) 'rclcpp::Node::~Node'을(를) 재정의할 수 없습니다. [C:\Users\SSAFY\Desktop\dev_ws\src\build\pubsub_cpp\pub.vcxproj]
C:\dev\ros2-windows\include\rclcpp/node.hpp(100,12): message : 'rclcpp::Node::~Node'이(가) 삭제되지 않았습니다. [C:\Users\SSAFY\Desktop\dev_ws\src\build\pubsub_cpp\pub.vcxproj]
C:\Users\SSAFY\Desktop\dev_ws\src\pubsub_cpp\src\pub.cpp(19,9): error C2512: 'std::shared_ptr<rclcpp::Publisher<MessageT,AllocatorT>>': 사용할 수 있는 적절한 기본 생성자가 없습니다. [C:\Users\SSAFY\Desktop\dev_ws\src\build\pubsub_cpp\pub.vcxproj]
C:\dev\ros2-windows\include\rclcpp/publisher.hpp(60,3): message : 'std::shared_ptr<rclcpp::Publisher<MessageT,AllocatorT>>' 선언을 참조하십시오. [C:\Users\SSAFY\Desktop\dev_ws\src\build\pubsub_cpp\pub.vcxproj]
C:\Users\SSAFY\Desktop\dev_ws\src\pubsub_cpp\src\pub.cpp(21,75): error C2589: '>': '::' 오른쪽에 잘못된 토큰이 있습니다. [C:\Users\SSAFY\Desktop\dev_ws\src\build\pubsub_cpp\pub.vcxproj]
C:\Users\SSAFY\Desktop\dev_ws\src\pubsub_cpp\src\pub.cpp(21,77): error C2059: 구문 오류: '문자열' [C:\Users\SSAFY\Desktop\dev_ws\src\build\pubsub_cpp\pub.vcxproj]
C:\Users\SSAFY\Desktop\dev_ws\src\pubsub_cpp\src\pub.cpp(22,98): error C2059: 구문 오류: ')' [C:\Users\SSAFY\Desktop\dev_ws\src\build\pubsub_cpp\pub.vcxproj]
C:\Users\SSAFY\Desktop\dev_ws\src\pubsub_cpp\src\pub.cpp(23,75): error C2039: 'customTimerCallback': 'MyPublisher'의 멤버가 아닙니다. [C:\Users\SSAFY\Desktop\dev_ws\src\build\pubsub_cpp\pub.vcxproj]
C:\Users\SSAFY\Desktop\dev_ws\src\pubsub_cpp\src\pub.cpp(15): message : 'MyPublisher' 선언을 참조하십시오. [C:\Users\SSAFY\Desktop\dev_ws\src\build\pubsub_cpp\pub.vcxproj]
C:\Users\SSAFY\Desktop\dev_ws\src\pubsub_cpp\src\pub.cpp(23,1): error C2065: 'customTimerCallback': 선언되지 않은 식별자입니다. [C:\Users\SSAFY\Desktop\dev_ws\src\build\pubsub_cpp\pub.vcxproj]
C:\Users\SSAFY\Desktop\dev_ws\src\pubsub_cpp\src\pub.cpp(23,101): error C2059: 구문 오류: ')' [C:\Users\SSAFY\Desktop\dev_ws\src\build\pubsub_cpp\pub.vcxproj]
C:\Users\SSAFY\Desktop\dev_ws\src\pubsub_cpp\src\pub.cpp(25,1): error C2143: 구문 오류: ';'이(가) '}' 앞에 없습니다. [C:\Users\SSAFY\Desktop\dev_ws\src\build\pubsub_cpp\pub.vcxproj]
C:\Users\SSAFY\Desktop\dev_ws\src\pubsub_cpp\src\pub.cpp(28,30): error C2143: 구문 오류: ';'이(가) '{' 앞에 없습니다. [C:\Users\SSAFY\Desktop\dev_ws\src\build\pubsub_cpp\pub.vcxproj]
C:\Users\SSAFY\Desktop\dev_ws\src\pubsub_cpp\src\pub.cpp(32,1): error C2143: 구문 오류: ';'이(가) '{' 앞에 없습니다. [C:\Users\SSAFY\Desktop\dev_ws\src\build\pubsub_cpp\pub.vcxproj]
C:\Users\SSAFY\Desktop\dev_ws\src\pubsub_cpp\src\pub.cpp(32,13): error C2059: 구문 오류: ')' [C:\Users\SSAFY\Desktop\dev_ws\src\build\pubsub_cpp\pub.vcxproj]
C:\Users\SSAFY\Desktop\dev_ws\src\pubsub_cpp\src\pub.cpp(32,13): error C2059: 구문 오류: '}' [C:\Users\SSAFY\Desktop\dev_ws\src\build\pubsub_cpp\pub.vcxproj]
C:\Users\SSAFY\Desktop\dev_ws\src\pubsub_cpp\src\pub.cpp(32,13): error C2065: 'msg': 선언되지 않은 식별자입니다. [C:\Users\SSAFY\Desktop\dev_ws\src\build\pubsub_cpp\pub.vcxproj]
C:\Users\SSAFY\Desktop\dev_ws\src\pubsub_cpp\src\pub.cpp(34,1): error C2143: 구문 오류: ';'이(가) '}' 앞에 없습니다. [C:\Users\SSAFY\Desktop\dev_ws\src\build\pubsub_cpp\pub.vcxproj]
C:\Users\SSAFY\Desktop\dev_ws\src\pubsub_cpp\src\pub.cpp(49,27): error C2146: 구문 오류: '>'이(가) 'argv' 식별자 앞에 없습니다. [C:\Users\SSAFY\Desktop\dev_ws\src\build\pubsub_cpp\pub.vcxproj]
C:\Users\SSAFY\Desktop\dev_ws\src\pubsub_cpp\src\pub.cpp(50,1): error C2143: 구문 오류: ';'이(가) '{' 앞에 없습니다. [C:\Users\SSAFY\Desktop\dev_ws\src\build\pubsub_cpp\pub.vcxproj]
C:\Users\SSAFY\Desktop\dev_ws\src\pubsub_cpp\src\pub.cpp(51,22): error C2065: 'argv': 선언되지 않은 식별자입니다. [C:\Users\SSAFY\Desktop\dev_ws\src\build\pubsub_cpp\pub.vcxproj]
C:\Users\SSAFY\Desktop\dev_ws\src\pubsub_cpp\src\pub.cpp(56,1): error C2143: 구문 오류: ';'이(가) '}' 앞에 없습니다. [C:\Users\SSAFY\Desktop\dev_ws\src\build\pubsub_cpp\pub.vcxproj]
C:\Users\SSAFY\Desktop\dev_ws\src\pubsub_cpp\src\pub.cpp(57,1): error C2143: 구문 오류: ';'이(가) '}' 앞에 없습니다. [C:\Users\SSAFY\Desktop\dev_ws\src\build\pubsub_cpp\pub.vcxproj]
C:\Users\SSAFY\Desktop\dev_ws\src\pubsub_cpp\src\pub.cpp(57,1): fatal error C1004: 예기치 않은 파일의 끝이 나타났습니다. [C:\Users\SSAFY\Desktop\dev_ws\src\build\pubsub_cpp\pub.vcxproj]
  sub.vcxproj -> C:\Users\SSAFY\Desktop\dev_ws\src\build\pubsub_cpp\Release\sub.exe
