[0.281s] Invoking command in 'C:\Users\SSAFY\Desktop\dev_ws\src\build\pubsub_cpp': AMENT_PREFIX_PATH=C:\Users\SSAFY\Desktop\dev_ws\src\install\tutorial_interfaces;%AMENT_PREFIX_PATH% CMAKE_PREFIX_PATH=C:\Users\SSAFY\Desktop\dev_ws\src\install\tutorial_interfaces;%CMAKE_PREFIX_PATH% PYTHONPATH=C:\Users\SSAFY\Desktop\dev_ws\src\install\tutorial_interfaces\Lib\site-packages;%PYTHONPATH% Path=C:\Users\SSAFY\Desktop\dev_ws\src\install\tutorial_interfaces\bin;%Path% C:\Program Files (x86)\Microsoft Visual Studio\2019\Community\Common7\IDE\CommonExtensions\Microsoft\CMake\CMake\bin\cmake.EXE C:\Users\SSAFY\Desktop\dev_ws\src\pubsub_cpp -DCMAKE_INSTALL_PREFIX=C:\Users\SSAFY\Desktop\dev_ws\src\install\pubsub_cpp
[0.313s] -- Selecting Windows SDK version 10.0.19041.0 to target Windows 10.0.19045.
[0.344s] -- Found ament_cmake: 0.8.2 (C:/dev/ros2-windows/share/ament_cmake/cmake)
[0.406s] -- Using PYTHON_EXECUTABLE: C:/Python37/python.exe
[0.719s] -- Override CMake install command with custom implementation using symlinks instead of copying resources
[0.766s] -- Found rclcpp: 0.8.4 (C:/dev/ros2-windows/share/rclcpp/cmake)
[0.813s] -- Found rosidl_adapter: 0.8.2 (C:/dev/ros2-windows/share/rosidl_adapter/cmake)
[0.875s] -- Found rmw_implementation_cmake: 0.8.1 (C:/dev/ros2-windows/share/rmw_implementation_cmake/cmake)
[0.891s] -- Using RMW implementation 'rmw_fastrtps_cpp' as default
[0.953s] -- Found std_msgs: 0.8.1 (C:/dev/ros2-windows/share/std_msgs/cmake)
[0.969s] -- Found tutorial_interfaces: 0.0.0 (C:/Users/SSAFY/Desktop/dev_ws/src/install/tutorial_interfaces/share/tutorial_interfaces/cmake)
[1.016s] -- Found ament_lint_auto: 0.8.1 (C:/dev/ros2-windows/share/ament_lint_auto/cmake)
[1.172s] -- Added test 'copyright' to check for copyright in CMake / C / C++ / Python code
[1.188s] -- Added test 'cppcheck' to perform static code analysis on C / C++ code
[1.188s] -- Configured cppcheck include dirs: 
[1.203s] -- Added test 'cpplint' to check C / C++ code against the Google style
[1.203s] -- Added test 'lint_cmake' to check CMake code style
[1.203s] -- Added test 'uncrustify' to check C / C++ code style
[1.219s] -- Added test 'xmllint' to check XML markup files
[1.297s] -- Configuring done
[1.516s] -- Generating done
[1.516s] -- Build files have been written to: C:/Users/SSAFY/Desktop/dev_ws/src/build/pubsub_cpp
[1.516s] Invoked command in 'C:\Users\SSAFY\Desktop\dev_ws\src\build\pubsub_cpp' returned '0': AMENT_PREFIX_PATH=C:\Users\SSAFY\Desktop\dev_ws\src\install\tutorial_interfaces;%AMENT_PREFIX_PATH% CMAKE_PREFIX_PATH=C:\Users\SSAFY\Desktop\dev_ws\src\install\tutorial_interfaces;%CMAKE_PREFIX_PATH% PYTHONPATH=C:\Users\SSAFY\Desktop\dev_ws\src\install\tutorial_interfaces\Lib\site-packages;%PYTHONPATH% Path=C:\Users\SSAFY\Desktop\dev_ws\src\install\tutorial_interfaces\bin;%Path% C:\Program Files (x86)\Microsoft Visual Studio\2019\Community\Common7\IDE\CommonExtensions\Microsoft\CMake\CMake\bin\cmake.EXE C:\Users\SSAFY\Desktop\dev_ws\src\pubsub_cpp -DCMAKE_INSTALL_PREFIX=C:\Users\SSAFY\Desktop\dev_ws\src\install\pubsub_cpp
[1.516s] Invoking command in 'C:\Users\SSAFY\Desktop\dev_ws\src\build\pubsub_cpp': AMENT_PREFIX_PATH=C:\Users\SSAFY\Desktop\dev_ws\src\install\tutorial_interfaces;%AMENT_PREFIX_PATH% CL=/MP CMAKE_PREFIX_PATH=C:\Users\SSAFY\Desktop\dev_ws\src\install\tutorial_interfaces;%CMAKE_PREFIX_PATH% PYTHONPATH=C:\Users\SSAFY\Desktop\dev_ws\src\install\tutorial_interfaces\Lib\site-packages;%PYTHONPATH% Path=C:\Users\SSAFY\Desktop\dev_ws\src\install\tutorial_interfaces\bin;%Path% C:\Program Files (x86)\Microsoft Visual Studio\2019\Community\Common7\IDE\CommonExtensions\Microsoft\CMake\CMake\bin\cmake.EXE --build C:\Users\SSAFY\Desktop\dev_ws\src\build\pubsub_cpp --config Release
[1.641s] .NET Framework용 Microsoft (R) Build Engine 버전 16.11.2+f32259642
[1.641s] Copyright (C) Microsoft Corporation. All rights reserved.
[1.641s] 
[2.203s]   pub.cpp
[2.938s] C:\Users\SSAFY\Desktop\dev_ws\src\pubsub_cpp\src\pub.cpp(46,24): error C2039: 'SharedPtr1': 'rclcpp::TimerBase'의 멤버가 아닙니다. [C:\Users\SSAFY\Desktop\dev_ws\src\build\pubsub_cpp\pub.vcxproj]
[2.938s] C:\dev\ros2-windows\include\rclcpp/timer.hpp(45): message : 'rclcpp::TimerBase' 선언을 참조하십시오. [C:\Users\SSAFY\Desktop\dev_ws\src\build\pubsub_cpp\pub.vcxproj]
[2.938s] C:\Users\SSAFY\Desktop\dev_ws\src\pubsub_cpp\src\pub.cpp(46,35): error C3646: 'custom_timer': 알 수 없는 재정의 지정자입니다. [C:\Users\SSAFY\Desktop\dev_ws\src\build\pubsub_cpp\pub.vcxproj]
[2.938s] C:\Users\SSAFY\Desktop\dev_ws\src\pubsub_cpp\src\pub.cpp(46,47): error C4430: 형식 지정자가 없습니다. int로 가정합니다. 참고: C++에서는 기본 int를 지원하지 않습니다. [C:\Users\SSAFY\Desktop\dev_ws\src\build\pubsub_cpp\pub.vcxproj]
[2.938s] C:\Users\SSAFY\Desktop\dev_ws\src\pubsub_cpp\src\pub.cpp(48,55): error C2039: 'SharedPtr1': 'rclcpp::Publisher<tutorial_interfaces::msg::Num,std::allocator<void>>'의 멤버가 아닙니다. [C:\Users\SSAFY\Desktop\dev_ws\src\build\pubsub_cpp\pub.vcxproj]
[2.938s] C:\Users\SSAFY\Desktop\dev_ws\src\pubsub_cpp\src\pub.cpp(48): message : 'rclcpp::Publisher<tutorial_interfaces::msg::Num,std::allocator<void>>' 선언을 참조하십시오. [C:\Users\SSAFY\Desktop\dev_ws\src\build\pubsub_cpp\pub.vcxproj]
[2.938s] C:\Users\SSAFY\Desktop\dev_ws\src\pubsub_cpp\src\pub.cpp(48,66): error C3646: 'custom_pub': 알 수 없는 재정의 지정자입니다. [C:\Users\SSAFY\Desktop\dev_ws\src\build\pubsub_cpp\pub.vcxproj]
[2.938s] C:\Users\SSAFY\Desktop\dev_ws\src\pubsub_cpp\src\pub.cpp(48,76): error C4430: 형식 지정자가 없습니다. int로 가정합니다. 참고: C++에서는 기본 int를 지원하지 않습니다. [C:\Users\SSAFY\Desktop\dev_ws\src\build\pubsub_cpp\pub.vcxproj]
[2.938s] C:\Users\SSAFY\Desktop\dev_ws\src\pubsub_cpp\src\pub.cpp(17,39): error C2653: 'std_msg': 클래스 또는 네임스페이스 이름이 아닙니다. [C:\Users\SSAFY\Desktop\dev_ws\src\build\pubsub_cpp\pub.vcxproj]
[2.938s] C:\Users\SSAFY\Desktop\dev_ws\src\pubsub_cpp\src\pub.cpp(17,53): error C2065: 'String': 선언되지 않은 식별자입니다. [C:\Users\SSAFY\Desktop\dev_ws\src\build\pubsub_cpp\pub.vcxproj]
[2.938s] C:\Users\SSAFY\Desktop\dev_ws\src\pubsub_cpp\src\pub.cpp(17,20): error C2672: 'rclcpp::Node::create_publisher': 일치하는 오버로드된 함수가 없습니다. [C:\Users\SSAFY\Desktop\dev_ws\src\build\pubsub_cpp\pub.vcxproj]
[2.938s] C:\Users\SSAFY\Desktop\dev_ws\src\pubsub_cpp\src\pub.cpp(17,1): error C2974: 'rclcpp::Node::create_publisher': 'MessageT'의 템플릿 인수가 잘못되었습니다. 형식이 필요합니다. [C:\Users\SSAFY\Desktop\dev_ws\src\build\pubsub_cpp\pub.vcxproj]
[2.938s] C:\dev\ros2-windows\include\rclcpp/node.hpp(179): message : 'rclcpp::Node::create_publisher' 선언을 참조하십시오. [C:\Users\SSAFY\Desktop\dev_ws\src\build\pubsub_cpp\pub.vcxproj]
[2.938s] C:\Users\SSAFY\Desktop\dev_ws\src\pubsub_cpp\src\pub.cpp(18,9): error C2065: 'custom_pub': 선언되지 않은 식별자입니다. [C:\Users\SSAFY\Desktop\dev_ws\src\build\pubsub_cpp\pub.vcxproj]
[2.938s] C:\Users\SSAFY\Desktop\dev_ws\src\pubsub_cpp\src\pub.cpp(21,9): error C2065: 'custom_timer': 선언되지 않은 식별자입니다. [C:\Users\SSAFY\Desktop\dev_ws\src\build\pubsub_cpp\pub.vcxproj]
[2.953s] C:\Users\SSAFY\Desktop\dev_ws\src\pubsub_cpp\src\pub.cpp(33,9): error C2065: 'custom_pub': 선언되지 않은 식별자입니다. [C:\Users\SSAFY\Desktop\dev_ws\src\build\pubsub_cpp\pub.vcxproj]
[3.266s]   sub.vcxproj -> C:\Users\SSAFY\Desktop\dev_ws\src\build\pubsub_cpp\Release\sub.exe
[3.297s] Invoked command in 'C:\Users\SSAFY\Desktop\dev_ws\src\build\pubsub_cpp' returned '1': AMENT_PREFIX_PATH=C:\Users\SSAFY\Desktop\dev_ws\src\install\tutorial_interfaces;%AMENT_PREFIX_PATH% CL=/MP CMAKE_PREFIX_PATH=C:\Users\SSAFY\Desktop\dev_ws\src\install\tutorial_interfaces;%CMAKE_PREFIX_PATH% PYTHONPATH=C:\Users\SSAFY\Desktop\dev_ws\src\install\tutorial_interfaces\Lib\site-packages;%PYTHONPATH% Path=C:\Users\SSAFY\Desktop\dev_ws\src\install\tutorial_interfaces\bin;%Path% C:\Program Files (x86)\Microsoft Visual Studio\2019\Community\Common7\IDE\CommonExtensions\Microsoft\CMake\CMake\bin\cmake.EXE --build C:\Users\SSAFY\Desktop\dev_ws\src\build\pubsub_cpp --config Release
