[0.313s] Invoking command in 'C:\Users\SSAFY\Desktop\dev_ws\src\build\pubsub_cpp': AMENT_PREFIX_PATH=C:\Users\SSAFY\Desktop\dev_ws\src\install\tutorial_interfaces;%AMENT_PREFIX_PATH% CMAKE_PREFIX_PATH=C:\Users\SSAFY\Desktop\dev_ws\src\install\tutorial_interfaces;%CMAKE_PREFIX_PATH% PYTHONPATH=C:\Users\SSAFY\Desktop\dev_ws\src\install\tutorial_interfaces\Lib\site-packages;%PYTHONPATH% Path=C:\Users\SSAFY\Desktop\dev_ws\src\install\tutorial_interfaces\bin;%Path% C:\Program Files (x86)\Microsoft Visual Studio\2019\Community\Common7\IDE\CommonExtensions\Microsoft\CMake\CMake\bin\cmake.EXE C:\Users\SSAFY\Desktop\dev_ws\src\pubsub_cpp -DCMAKE_INSTALL_PREFIX=C:\Users\SSAFY\Desktop\dev_ws\src\install\pubsub_cpp
[0.328s] -- Selecting Windows SDK version 10.0.19041.0 to target Windows 10.0.19045.
[0.375s] -- Found ament_cmake: 0.8.2 (C:/dev/ros2-windows/share/ament_cmake/cmake)
[0.438s] -- Using PYTHON_EXECUTABLE: C:/Python37/python.exe
[0.750s] -- Override CMake install command with custom implementation using symlinks instead of copying resources
[0.797s] -- Found rclcpp: 0.8.4 (C:/dev/ros2-windows/share/rclcpp/cmake)
[0.844s] -- Found rosidl_adapter: 0.8.2 (C:/dev/ros2-windows/share/rosidl_adapter/cmake)
[0.922s] -- Found rmw_implementation_cmake: 0.8.1 (C:/dev/ros2-windows/share/rmw_implementation_cmake/cmake)
[0.953s] -- Using RMW implementation 'rmw_fastrtps_cpp' as default
[1.000s] -- Found std_msgs: 0.8.1 (C:/dev/ros2-windows/share/std_msgs/cmake)
[1.016s] -- Found tutorial_interfaces: 0.0.0 (C:/Users/SSAFY/Desktop/dev_ws/src/install/tutorial_interfaces/share/tutorial_interfaces/cmake)
[1.078s] -- Found ament_lint_auto: 0.8.1 (C:/dev/ros2-windows/share/ament_lint_auto/cmake)
[1.250s] -- Added test 'copyright' to check for copyright in CMake / C / C++ / Python code
[1.250s] -- Added test 'cppcheck' to perform static code analysis on C / C++ code
[1.250s] -- Configured cppcheck include dirs: 
[1.250s] -- Added test 'cpplint' to check C / C++ code against the Google style
[1.266s] -- Added test 'lint_cmake' to check CMake code style
[1.266s] -- Added test 'uncrustify' to check C / C++ code style
[1.266s] -- Added test 'xmllint' to check XML markup files
[1.360s] -- Configuring done
[1.563s] -- Generating done
[1.578s] -- Build files have been written to: C:/Users/SSAFY/Desktop/dev_ws/src/build/pubsub_cpp
[1.578s] Invoked command in 'C:\Users\SSAFY\Desktop\dev_ws\src\build\pubsub_cpp' returned '0': AMENT_PREFIX_PATH=C:\Users\SSAFY\Desktop\dev_ws\src\install\tutorial_interfaces;%AMENT_PREFIX_PATH% CMAKE_PREFIX_PATH=C:\Users\SSAFY\Desktop\dev_ws\src\install\tutorial_interfaces;%CMAKE_PREFIX_PATH% PYTHONPATH=C:\Users\SSAFY\Desktop\dev_ws\src\install\tutorial_interfaces\Lib\site-packages;%PYTHONPATH% Path=C:\Users\SSAFY\Desktop\dev_ws\src\install\tutorial_interfaces\bin;%Path% C:\Program Files (x86)\Microsoft Visual Studio\2019\Community\Common7\IDE\CommonExtensions\Microsoft\CMake\CMake\bin\cmake.EXE C:\Users\SSAFY\Desktop\dev_ws\src\pubsub_cpp -DCMAKE_INSTALL_PREFIX=C:\Users\SSAFY\Desktop\dev_ws\src\install\pubsub_cpp
[1.578s] Invoking command in 'C:\Users\SSAFY\Desktop\dev_ws\src\build\pubsub_cpp': AMENT_PREFIX_PATH=C:\Users\SSAFY\Desktop\dev_ws\src\install\tutorial_interfaces;%AMENT_PREFIX_PATH% CL=/MP CMAKE_PREFIX_PATH=C:\Users\SSAFY\Desktop\dev_ws\src\install\tutorial_interfaces;%CMAKE_PREFIX_PATH% PYTHONPATH=C:\Users\SSAFY\Desktop\dev_ws\src\install\tutorial_interfaces\Lib\site-packages;%PYTHONPATH% Path=C:\Users\SSAFY\Desktop\dev_ws\src\install\tutorial_interfaces\bin;%Path% C:\Program Files (x86)\Microsoft Visual Studio\2019\Community\Common7\IDE\CommonExtensions\Microsoft\CMake\CMake\bin\cmake.EXE --build C:\Users\SSAFY\Desktop\dev_ws\src\build\pubsub_cpp --config Release
[1.703s] .NET Framework용 Microsoft (R) Build Engine 버전 16.11.2+f32259642
[1.703s] Copyright (C) Microsoft Corporation. All rights reserved.
[1.703s] 
[2.266s]   pub.cpp
[2.969s] C:\Users\SSAFY\Desktop\dev_ws\src\pubsub_cpp\src\pub.cpp(38,27): error C2653: 'tutorial_interfaces': 클래스 또는 네임스페이스 이름이 아닙니다. [C:\Users\SSAFY\Desktop\dev_ws\src\build\pubsub_cpp\pub.vcxproj]
[2.969s] C:\Users\SSAFY\Desktop\dev_ws\src\pubsub_cpp\src\pub.cpp(38,53): error C2065: 'num': 선언되지 않은 식별자입니다. [C:\Users\SSAFY\Desktop\dev_ws\src\build\pubsub_cpp\pub.vcxproj]
[2.969s] C:\Users\SSAFY\Desktop\dev_ws\src\pubsub_cpp\src\pub.cpp(38,17): error C2923: 'rclcpp::Publisher': 'num'은(는) 'MessageT' 매개 변수에 대한 올바른 템플릿 형식 인수가 아닙니다. [C:\Users\SSAFY\Desktop\dev_ws\src\build\pubsub_cpp\pub.vcxproj]
[2.969s] C:\Users\SSAFY\Desktop\dev_ws\src\pubsub_cpp\src\pub.cpp(38): message : 'num' 선언을 참조하십시오. [C:\Users\SSAFY\Desktop\dev_ws\src\build\pubsub_cpp\pub.vcxproj]
[2.969s] C:\Users\SSAFY\Desktop\dev_ws\src\pubsub_cpp\src\pub.cpp(38,17): error C2976: 'rclcpp::Publisher': 템플릿 인수가 너무 적습니다. [C:\Users\SSAFY\Desktop\dev_ws\src\build\pubsub_cpp\pub.vcxproj]
[2.969s] C:\dev\ros2-windows\include\rclcpp/publisher.hpp(51): message : 'rclcpp::Publisher' 선언을 참조하십시오. [C:\Users\SSAFY\Desktop\dev_ws\src\build\pubsub_cpp\pub.vcxproj]
[2.969s] C:\Users\SSAFY\Desktop\dev_ws\src\pubsub_cpp\src\pub.cpp(38,59): error C2955: 'rclcpp::Publisher': 클래스 템플릿을(를) 사용하려면 템플릿 인수 목록이 필요합니다. [C:\Users\SSAFY\Desktop\dev_ws\src\build\pubsub_cpp\pub.vcxproj]
[2.969s] C:\dev\ros2-windows\include\rclcpp/publisher.hpp(51): message : 'rclcpp::Publisher' 선언을 참조하십시오. [C:\Users\SSAFY\Desktop\dev_ws\src\build\pubsub_cpp\pub.vcxproj]
[2.985s] C:\Users\SSAFY\Desktop\dev_ws\src\pubsub_cpp\src\pub.cpp(47,1): warning C4624: 'MyPublisher': 소멸자가 암시적으로 삭제된 것으로 정의되었습니다. [C:\Users\SSAFY\Desktop\dev_ws\src\build\pubsub_cpp\pub.vcxproj]
[2.985s] C:\Users\SSAFY\Desktop\dev_ws\src\pubsub_cpp\src\pub.cpp(47,1): error C2282: 'MyPublisher::~MyPublisher'은(는) 'rclcpp::Node::~Node'을(를) 재정의할 수 없습니다. [C:\Users\SSAFY\Desktop\dev_ws\src\build\pubsub_cpp\pub.vcxproj]
[2.985s] C:\dev\ros2-windows\include\rclcpp/node.hpp(100,12): message : 'rclcpp::Node::~Node'이(가) 삭제되지 않았습니다. [C:\Users\SSAFY\Desktop\dev_ws\src\build\pubsub_cpp\pub.vcxproj]
[2.985s] C:\Users\SSAFY\Desktop\dev_ws\src\pubsub_cpp\src\pub.cpp(19,9): error C2512: 'std::shared_ptr<rclcpp::Publisher<MessageT,AllocatorT>>': 사용할 수 있는 적절한 기본 생성자가 없습니다. [C:\Users\SSAFY\Desktop\dev_ws\src\build\pubsub_cpp\pub.vcxproj]
[2.985s] C:\dev\ros2-windows\include\rclcpp/publisher.hpp(60,3): message : 'std::shared_ptr<rclcpp::Publisher<MessageT,AllocatorT>>' 선언을 참조하십시오. [C:\Users\SSAFY\Desktop\dev_ws\src\build\pubsub_cpp\pub.vcxproj]
[3.328s]   sub.vcxproj -> C:\Users\SSAFY\Desktop\dev_ws\src\build\pubsub_cpp\Release\sub.exe
[3.344s] Invoked command in 'C:\Users\SSAFY\Desktop\dev_ws\src\build\pubsub_cpp' returned '1': AMENT_PREFIX_PATH=C:\Users\SSAFY\Desktop\dev_ws\src\install\tutorial_interfaces;%AMENT_PREFIX_PATH% CL=/MP CMAKE_PREFIX_PATH=C:\Users\SSAFY\Desktop\dev_ws\src\install\tutorial_interfaces;%CMAKE_PREFIX_PATH% PYTHONPATH=C:\Users\SSAFY\Desktop\dev_ws\src\install\tutorial_interfaces\Lib\site-packages;%PYTHONPATH% Path=C:\Users\SSAFY\Desktop\dev_ws\src\install\tutorial_interfaces\bin;%Path% C:\Program Files (x86)\Microsoft Visual Studio\2019\Community\Common7\IDE\CommonExtensions\Microsoft\CMake\CMake\bin\cmake.EXE --build C:\Users\SSAFY\Desktop\dev_ws\src\build\pubsub_cpp --config Release
