[0.297s] Invoking command in 'C:\Users\SSAFY\Desktop\dev_ws\src\build\pubsub_cpp': AMENT_PREFIX_PATH=C:\Users\SSAFY\Desktop\dev_ws\src\install\tutorial_interfaces;%AMENT_PREFIX_PATH% CMAKE_PREFIX_PATH=C:\Users\SSAFY\Desktop\dev_ws\src\install\tutorial_interfaces;%CMAKE_PREFIX_PATH% PYTHONPATH=C:\Users\SSAFY\Desktop\dev_ws\src\install\tutorial_interfaces\Lib\site-packages;%PYTHONPATH% Path=C:\Users\SSAFY\Desktop\dev_ws\src\install\tutorial_interfaces\bin;%Path% C:\Program Files (x86)\Microsoft Visual Studio\2019\Community\Common7\IDE\CommonExtensions\Microsoft\CMake\CMake\bin\cmake.EXE C:\Users\SSAFY\Desktop\dev_ws\src\pubsub_cpp -DCMAKE_INSTALL_PREFIX=C:\Users\SSAFY\Desktop\dev_ws\src\install\pubsub_cpp
[0.328s] -- Selecting Windows SDK version 10.0.19041.0 to target Windows 10.0.19045.
[0.360s] -- Found ament_cmake: 0.8.2 (C:/dev/ros2-windows/share/ament_cmake/cmake)
[0.422s] -- Using PYTHON_EXECUTABLE: C:/Python37/python.exe
[0.735s] -- Override CMake install command with custom implementation using symlinks instead of copying resources
[0.782s] -- Found rclcpp: 0.8.4 (C:/dev/ros2-windows/share/rclcpp/cmake)
[0.828s] -- Found rosidl_adapter: 0.8.2 (C:/dev/ros2-windows/share/rosidl_adapter/cmake)
[0.907s] -- Found rmw_implementation_cmake: 0.8.1 (C:/dev/ros2-windows/share/rmw_implementation_cmake/cmake)
[0.922s] -- Using RMW implementation 'rmw_fastrtps_cpp' as default
[0.969s] -- Found std_msgs: 0.8.1 (C:/dev/ros2-windows/share/std_msgs/cmake)
[0.985s] -- Found tutorial_interfaces: 0.0.0 (C:/Users/SSAFY/Desktop/dev_ws/src/install/tutorial_interfaces/share/tutorial_interfaces/cmake)
[1.032s] -- Found ament_lint_auto: 0.8.1 (C:/dev/ros2-windows/share/ament_lint_auto/cmake)
[1.203s] -- Added test 'copyright' to check for copyright in CMake / C / C++ / Python code
[1.203s] -- Added test 'cppcheck' to perform static code analysis on C / C++ code
[1.203s] -- Configured cppcheck include dirs: 
[1.219s] -- Added test 'cpplint' to check C / C++ code against the Google style
[1.219s] -- Added test 'lint_cmake' to check CMake code style
[1.235s] -- Added test 'uncrustify' to check C / C++ code style
[1.235s] -- Added test 'xmllint' to check XML markup files
[1.313s] -- Configuring done
[1.532s] -- Generating done
[1.532s] -- Build files have been written to: C:/Users/SSAFY/Desktop/dev_ws/src/build/pubsub_cpp
[1.547s] Invoked command in 'C:\Users\SSAFY\Desktop\dev_ws\src\build\pubsub_cpp' returned '0': AMENT_PREFIX_PATH=C:\Users\SSAFY\Desktop\dev_ws\src\install\tutorial_interfaces;%AMENT_PREFIX_PATH% CMAKE_PREFIX_PATH=C:\Users\SSAFY\Desktop\dev_ws\src\install\tutorial_interfaces;%CMAKE_PREFIX_PATH% PYTHONPATH=C:\Users\SSAFY\Desktop\dev_ws\src\install\tutorial_interfaces\Lib\site-packages;%PYTHONPATH% Path=C:\Users\SSAFY\Desktop\dev_ws\src\install\tutorial_interfaces\bin;%Path% C:\Program Files (x86)\Microsoft Visual Studio\2019\Community\Common7\IDE\CommonExtensions\Microsoft\CMake\CMake\bin\cmake.EXE C:\Users\SSAFY\Desktop\dev_ws\src\pubsub_cpp -DCMAKE_INSTALL_PREFIX=C:\Users\SSAFY\Desktop\dev_ws\src\install\pubsub_cpp
[1.547s] Invoking command in 'C:\Users\SSAFY\Desktop\dev_ws\src\build\pubsub_cpp': AMENT_PREFIX_PATH=C:\Users\SSAFY\Desktop\dev_ws\src\install\tutorial_interfaces;%AMENT_PREFIX_PATH% CL=/MP CMAKE_PREFIX_PATH=C:\Users\SSAFY\Desktop\dev_ws\src\install\tutorial_interfaces;%CMAKE_PREFIX_PATH% PYTHONPATH=C:\Users\SSAFY\Desktop\dev_ws\src\install\tutorial_interfaces\Lib\site-packages;%PYTHONPATH% Path=C:\Users\SSAFY\Desktop\dev_ws\src\install\tutorial_interfaces\bin;%Path% C:\Program Files (x86)\Microsoft Visual Studio\2019\Community\Common7\IDE\CommonExtensions\Microsoft\CMake\CMake\bin\cmake.EXE --build C:\Users\SSAFY\Desktop\dev_ws\src\build\pubsub_cpp --config Release
[1.672s] .NET Framework용 Microsoft (R) Build Engine 버전 16.11.2+f32259642
[1.672s] Copyright (C) Microsoft Corporation. All rights reserved.
[1.672s] 
[2.219s]   pub.vcxproj -> C:\Users\SSAFY\Desktop\dev_ws\src\build\pubsub_cpp\Release\pub.exe
[2.391s]   sub.cpp
[3.172s] C:\Users\SSAFY\Desktop\dev_ws\src\pubsub_cpp\src\sub.cpp(25,29): error C2653: 'std_msgs': 클래스 또는 네임스페이스 이름이 아닙니다. [C:\Users\SSAFY\Desktop\dev_ws\src\build\pubsub_cpp\sub.vcxproj]
[3.172s] C:\Users\SSAFY\Desktop\dev_ws\src\pubsub_cpp\src\sub.cpp(37,24): error C2653: 'std_msgs': 클래스 또는 네임스페이스 이름이 아닙니다. [C:\Users\SSAFY\Desktop\dev_ws\src\build\pubsub_cpp\sub.vcxproj]
[3.172s] C:\Users\SSAFY\Desktop\dev_ws\src\pubsub_cpp\src\sub.cpp(37,39): error C2065: 'String': 선언되지 않은 식별자입니다. [C:\Users\SSAFY\Desktop\dev_ws\src\build\pubsub_cpp\sub.vcxproj]
[3.172s] C:\Users\SSAFY\Desktop\dev_ws\src\pubsub_cpp\src\sub.cpp(37,11): error C2923: 'rclcpp::Subscription': 'String'은(는) 'CallbackMessageT' 매개 변수에 대한 올바른 템플릿 형식 인수가 아닙니다. [C:\Users\SSAFY\Desktop\dev_ws\src\build\pubsub_cpp\sub.vcxproj]
[3.172s] C:\Users\SSAFY\Desktop\dev_ws\src\pubsub_cpp\src\sub.cpp(37): message : 'String' 선언을 참조하십시오. [C:\Users\SSAFY\Desktop\dev_ws\src\build\pubsub_cpp\sub.vcxproj]
[3.172s] C:\Users\SSAFY\Desktop\dev_ws\src\pubsub_cpp\src\sub.cpp(37,11): error C2976: 'rclcpp::Subscription': 템플릿 인수가 너무 적습니다. [C:\Users\SSAFY\Desktop\dev_ws\src\build\pubsub_cpp\sub.vcxproj]
[3.172s] C:\dev\ros2-windows\include\rclcpp/subscription.hpp(67): message : 'rclcpp::Subscription' 선언을 참조하십시오. [C:\Users\SSAFY\Desktop\dev_ws\src\build\pubsub_cpp\sub.vcxproj]
[3.172s] C:\Users\SSAFY\Desktop\dev_ws\src\pubsub_cpp\src\sub.cpp(37,48): error C2955: 'rclcpp::Subscription': 클래스 템플릿을(를) 사용하려면 템플릿 인수 목록이 필요합니다. [C:\Users\SSAFY\Desktop\dev_ws\src\build\pubsub_cpp\sub.vcxproj]
[3.172s] C:\dev\ros2-windows\include\rclcpp/subscription.hpp(67): message : 'rclcpp::Subscription' 선언을 참조하십시오. [C:\Users\SSAFY\Desktop\dev_ws\src\build\pubsub_cpp\sub.vcxproj]
[3.188s] C:\Users\SSAFY\Desktop\dev_ws\src\pubsub_cpp\src\sub.cpp(39,1): warning C4624: 'MinimalSubscriber': 소멸자가 암시적으로 삭제된 것으로 정의되었습니다. [C:\Users\SSAFY\Desktop\dev_ws\src\build\pubsub_cpp\sub.vcxproj]
[3.188s] C:\Users\SSAFY\Desktop\dev_ws\src\pubsub_cpp\src\sub.cpp(39,1): error C2282: 'MinimalSubscriber::~MinimalSubscriber'은(는) 'rclcpp::Node::~Node'을(를) 재정의할 수 없습니다. [C:\Users\SSAFY\Desktop\dev_ws\src\build\pubsub_cpp\sub.vcxproj]
[3.188s] C:\dev\ros2-windows\include\rclcpp/node.hpp(100,12): message : 'rclcpp::Node::~Node'이(가) 삭제되지 않았습니다. [C:\Users\SSAFY\Desktop\dev_ws\src\build\pubsub_cpp\sub.vcxproj]
[3.188s] C:\Users\SSAFY\Desktop\dev_ws\src\pubsub_cpp\src\sub.cpp(16,3): error C2512: 'std::shared_ptr<rclcpp::Subscription<CallbackMessageT,AllocatorT,MessageMemoryStrategyT>>': 사용할 수 있는 적절한 기본 생성자가 없습니다. [C:\Users\SSAFY\Desktop\dev_ws\src\build\pubsub_cpp\sub.vcxproj]
[3.188s] C:\dev\ros2-windows\include\rclcpp/subscription.hpp(78,3): message : 'std::shared_ptr<rclcpp::Subscription<CallbackMessageT,AllocatorT,MessageMemoryStrategyT>>' 선언을 참조하십시오. [C:\Users\SSAFY\Desktop\dev_ws\src\build\pubsub_cpp\sub.vcxproj]
[3.188s] C:\Users\SSAFY\Desktop\dev_ws\src\pubsub_cpp\src\sub.cpp(17,38): error C2653: 'std_msgs': 클래스 또는 네임스페이스 이름이 아닙니다. [C:\Users\SSAFY\Desktop\dev_ws\src\build\pubsub_cpp\sub.vcxproj]
[3.188s] C:\Users\SSAFY\Desktop\dev_ws\src\pubsub_cpp\src\sub.cpp(17,53): error C2065: 'String': 선언되지 않은 식별자입니다. [C:\Users\SSAFY\Desktop\dev_ws\src\build\pubsub_cpp\sub.vcxproj]
[3.188s] C:\Users\SSAFY\Desktop\dev_ws\src\pubsub_cpp\src\sub.cpp(17,16): error C2672: 'rclcpp::Node::create_subscription': 일치하는 오버로드된 함수가 없습니다. [C:\Users\SSAFY\Desktop\dev_ws\src\build\pubsub_cpp\sub.vcxproj]
[3.188s] C:\Users\SSAFY\Desktop\dev_ws\src\pubsub_cpp\src\sub.cpp(18,1): error C2974: 'rclcpp::Node::create_subscription': 'MessageT'의 템플릿 인수가 잘못되었습니다. 형식이 필요합니다. [C:\Users\SSAFY\Desktop\dev_ws\src\build\pubsub_cpp\sub.vcxproj]
[3.188s] C:\dev\ros2-windows\include\rclcpp/node.hpp(208): message : 'rclcpp::Node::create_subscription' 선언을 참조하십시오. [C:\Users\SSAFY\Desktop\dev_ws\src\build\pubsub_cpp\sub.vcxproj]
[3.188s] C:\Users\SSAFY\Desktop\dev_ws\src\pubsub_cpp\src\sub.cpp(27,5): error C2039: 'data': 'rclcpp::Node'의 멤버가 아닙니다. [C:\Users\SSAFY\Desktop\dev_ws\src\build\pubsub_cpp\sub.vcxproj]
[3.203s] C:\dev\ros2-windows\include\rclcpp/node.hpp(72): message : 'rclcpp::Node' 선언을 참조하십시오. [C:\Users\SSAFY\Desktop\dev_ws\src\build\pubsub_cpp\sub.vcxproj]
[3.422s] Invoked command in 'C:\Users\SSAFY\Desktop\dev_ws\src\build\pubsub_cpp' returned '1': AMENT_PREFIX_PATH=C:\Users\SSAFY\Desktop\dev_ws\src\install\tutorial_interfaces;%AMENT_PREFIX_PATH% CL=/MP CMAKE_PREFIX_PATH=C:\Users\SSAFY\Desktop\dev_ws\src\install\tutorial_interfaces;%CMAKE_PREFIX_PATH% PYTHONPATH=C:\Users\SSAFY\Desktop\dev_ws\src\install\tutorial_interfaces\Lib\site-packages;%PYTHONPATH% Path=C:\Users\SSAFY\Desktop\dev_ws\src\install\tutorial_interfaces\bin;%Path% C:\Program Files (x86)\Microsoft Visual Studio\2019\Community\Common7\IDE\CommonExtensions\Microsoft\CMake\CMake\bin\cmake.EXE --build C:\Users\SSAFY\Desktop\dev_ws\src\build\pubsub_cpp --config Release
