[0.282s] Invoking command in 'C:\Users\SSAFY\Desktop\dev_ws\src\build\pubsub_cpp': AMENT_PREFIX_PATH=C:\Users\SSAFY\Desktop\dev_ws\src\install\tutorial_interfaces;%AMENT_PREFIX_PATH% CMAKE_PREFIX_PATH=C:\Users\SSAFY\Desktop\dev_ws\src\install\tutorial_interfaces;%CMAKE_PREFIX_PATH% PYTHONPATH=C:\Users\SSAFY\Desktop\dev_ws\src\install\tutorial_interfaces\Lib\site-packages;%PYTHONPATH% Path=C:\Users\SSAFY\Desktop\dev_ws\src\install\tutorial_interfaces\bin;%Path% C:\Program Files (x86)\Microsoft Visual Studio\2019\Community\Common7\IDE\CommonExtensions\Microsoft\CMake\CMake\bin\cmake.EXE C:\Users\SSAFY\Desktop\dev_ws\src\pubsub_cpp -DCMAKE_INSTALL_PREFIX=C:\Users\SSAFY\Desktop\dev_ws\src\install\pubsub_cpp
[0.297s] -- Selecting Windows SDK version 10.0.19041.0 to target Windows 10.0.19045.
[0.328s] -- Found ament_cmake: 0.8.2 (C:/dev/ros2-windows/share/ament_cmake/cmake)
[0.391s] -- Using PYTHON_EXECUTABLE: C:/Python37/python.exe
[0.719s] -- Override CMake install command with custom implementation using symlinks instead of copying resources
[0.766s] -- Found rclcpp: 0.8.4 (C:/dev/ros2-windows/share/rclcpp/cmake)
[0.797s] -- Found rosidl_adapter: 0.8.2 (C:/dev/ros2-windows/share/rosidl_adapter/cmake)
[0.875s] -- Found rmw_implementation_cmake: 0.8.1 (C:/dev/ros2-windows/share/rmw_implementation_cmake/cmake)
[0.891s] -- Using RMW implementation 'rmw_fastrtps_cpp' as default
[0.953s] -- Found std_msgs: 0.8.1 (C:/dev/ros2-windows/share/std_msgs/cmake)
[0.969s] -- Found tutorial_interfaces: 0.0.0 (C:/Users/SSAFY/Desktop/dev_ws/src/install/tutorial_interfaces/share/tutorial_interfaces/cmake)
[1.016s] -- Found ament_lint_auto: 0.8.1 (C:/dev/ros2-windows/share/ament_lint_auto/cmake)
[1.188s] -- Added test 'copyright' to check for copyright in CMake / C / C++ / Python code
[1.188s] -- Added test 'cppcheck' to perform static code analysis on C / C++ code
[1.188s] -- Configured cppcheck include dirs: 
[1.203s] -- Added test 'cpplint' to check C / C++ code against the Google style
[1.203s] -- Added test 'lint_cmake' to check CMake code style
[1.203s] -- Added test 'uncrustify' to check C / C++ code style
[1.219s] -- Added test 'xmllint' to check XML markup files
[1.297s] -- Configuring done
[1.516s] -- Generating done
[1.516s] -- Build files have been written to: C:/Users/SSAFY/Desktop/dev_ws/src/build/pubsub_cpp
[1.516s] Invoked command in 'C:\Users\SSAFY\Desktop\dev_ws\src\build\pubsub_cpp' returned '0': AMENT_PREFIX_PATH=C:\Users\SSAFY\Desktop\dev_ws\src\install\tutorial_interfaces;%AMENT_PREFIX_PATH% CMAKE_PREFIX_PATH=C:\Users\SSAFY\Desktop\dev_ws\src\install\tutorial_interfaces;%CMAKE_PREFIX_PATH% PYTHONPATH=C:\Users\SSAFY\Desktop\dev_ws\src\install\tutorial_interfaces\Lib\site-packages;%PYTHONPATH% Path=C:\Users\SSAFY\Desktop\dev_ws\src\install\tutorial_interfaces\bin;%Path% C:\Program Files (x86)\Microsoft Visual Studio\2019\Community\Common7\IDE\CommonExtensions\Microsoft\CMake\CMake\bin\cmake.EXE C:\Users\SSAFY\Desktop\dev_ws\src\pubsub_cpp -DCMAKE_INSTALL_PREFIX=C:\Users\SSAFY\Desktop\dev_ws\src\install\pubsub_cpp
[1.516s] Invoking command in 'C:\Users\SSAFY\Desktop\dev_ws\src\build\pubsub_cpp': AMENT_PREFIX_PATH=C:\Users\SSAFY\Desktop\dev_ws\src\install\tutorial_interfaces;%AMENT_PREFIX_PATH% CL=/MP CMAKE_PREFIX_PATH=C:\Users\SSAFY\Desktop\dev_ws\src\install\tutorial_interfaces;%CMAKE_PREFIX_PATH% PYTHONPATH=C:\Users\SSAFY\Desktop\dev_ws\src\install\tutorial_interfaces\Lib\site-packages;%PYTHONPATH% Path=C:\Users\SSAFY\Desktop\dev_ws\src\install\tutorial_interfaces\bin;%Path% C:\Program Files (x86)\Microsoft Visual Studio\2019\Community\Common7\IDE\CommonExtensions\Microsoft\CMake\CMake\bin\cmake.EXE --build C:\Users\SSAFY\Desktop\dev_ws\src\build\pubsub_cpp --config Release
[1.641s] .NET Framework용 Microsoft (R) Build Engine 버전 16.11.2+f32259642
[1.641s] Copyright (C) Microsoft Corporation. All rights reserved.
[1.641s] 
[2.203s]   pub.cpp
[2.938s] C:\Users\SSAFY\Desktop\dev_ws\src\pubsub_cpp\src\pub.cpp(38,53): error C2039: 'num': 'tutorial_interfaces::msg'의 멤버가 아닙니다. [C:\Users\SSAFY\Desktop\dev_ws\src\build\pubsub_cpp\pub.vcxproj]
[2.938s] C:\Users\SSAFY\Desktop\dev_ws\src\install\tutorial_interfaces\include\tutorial_interfaces/msg/num__struct.hpp(26): message : 'tutorial_interfaces::msg' 선언을 참조하십시오. [C:\Users\SSAFY\Desktop\dev_ws\src\build\pubsub_cpp\pub.vcxproj]
[2.938s] C:\Users\SSAFY\Desktop\dev_ws\src\pubsub_cpp\src\pub.cpp(38,56): error C2065: 'num': 선언되지 않은 식별자입니다. [C:\Users\SSAFY\Desktop\dev_ws\src\build\pubsub_cpp\pub.vcxproj]
[2.938s] C:\Users\SSAFY\Desktop\dev_ws\src\pubsub_cpp\src\pub.cpp(38,17): error C2923: 'rclcpp::Publisher': 'num'은(는) 'MessageT' 매개 변수에 대한 올바른 템플릿 형식 인수가 아닙니다. [C:\Users\SSAFY\Desktop\dev_ws\src\build\pubsub_cpp\pub.vcxproj]
[2.953s] C:\Users\SSAFY\Desktop\dev_ws\src\pubsub_cpp\src\pub.cpp(38): message : 'num' 선언을 참조하십시오. [C:\Users\SSAFY\Desktop\dev_ws\src\build\pubsub_cpp\pub.vcxproj]
[2.953s] C:\Users\SSAFY\Desktop\dev_ws\src\pubsub_cpp\src\pub.cpp(38,17): error C2976: 'rclcpp::Publisher': 템플릿 인수가 너무 적습니다. [C:\Users\SSAFY\Desktop\dev_ws\src\build\pubsub_cpp\pub.vcxproj]
[2.953s] C:\dev\ros2-windows\include\rclcpp/publisher.hpp(51): message : 'rclcpp::Publisher' 선언을 참조하십시오. [C:\Users\SSAFY\Desktop\dev_ws\src\build\pubsub_cpp\pub.vcxproj]
[2.953s] C:\Users\SSAFY\Desktop\dev_ws\src\pubsub_cpp\src\pub.cpp(38,59): error C2955: 'rclcpp::Publisher': 클래스 템플릿을(를) 사용하려면 템플릿 인수 목록이 필요합니다. [C:\Users\SSAFY\Desktop\dev_ws\src\build\pubsub_cpp\pub.vcxproj]
[2.953s] C:\dev\ros2-windows\include\rclcpp/publisher.hpp(51): message : 'rclcpp::Publisher' 선언을 참조하십시오. [C:\Users\SSAFY\Desktop\dev_ws\src\build\pubsub_cpp\pub.vcxproj]
[2.953s] C:\Users\SSAFY\Desktop\dev_ws\src\pubsub_cpp\src\pub.cpp(47,1): warning C4624: 'MyPublisher': 소멸자가 암시적으로 삭제된 것으로 정의되었습니다. [C:\Users\SSAFY\Desktop\dev_ws\src\build\pubsub_cpp\pub.vcxproj]
[2.953s] C:\Users\SSAFY\Desktop\dev_ws\src\pubsub_cpp\src\pub.cpp(47,1): error C2282: 'MyPublisher::~MyPublisher'은(는) 'rclcpp::Node::~Node'을(를) 재정의할 수 없습니다. [C:\Users\SSAFY\Desktop\dev_ws\src\build\pubsub_cpp\pub.vcxproj]
[2.953s] C:\dev\ros2-windows\include\rclcpp/node.hpp(100,12): message : 'rclcpp::Node::~Node'이(가) 삭제되지 않았습니다. [C:\Users\SSAFY\Desktop\dev_ws\src\build\pubsub_cpp\pub.vcxproj]
[2.953s] C:\Users\SSAFY\Desktop\dev_ws\src\pubsub_cpp\src\pub.cpp(19,9): error C2512: 'std::shared_ptr<rclcpp::Publisher<MessageT,AllocatorT>>': 사용할 수 있는 적절한 기본 생성자가 없습니다. [C:\Users\SSAFY\Desktop\dev_ws\src\build\pubsub_cpp\pub.vcxproj]
[2.953s] C:\dev\ros2-windows\include\rclcpp/publisher.hpp(60,3): message : 'std::shared_ptr<rclcpp::Publisher<MessageT,AllocatorT>>' 선언을 참조하십시오. [C:\Users\SSAFY\Desktop\dev_ws\src\build\pubsub_cpp\pub.vcxproj]
[2.953s] C:\Users\SSAFY\Desktop\dev_ws\src\pubsub_cpp\src\pub.cpp(21,1): error C2678: 이항 '=': 왼쪽 피연산자로 'std::shared_ptr<rclcpp::Publisher<MessageT,AllocatorT>>' 형식을 사용하는 연산자가 없거나 허용되는 변환이 없습니다. [C:\Users\SSAFY\Desktop\dev_ws\src\build\pubsub_cpp\pub.vcxproj]
[2.953s] C:\Program Files (x86)\Microsoft Visual Studio\2019\Community\VC\Tools\MSVC\14.29.30133\include\memory(1628,17): message : 'std::shared_ptr<_Ty> &std::shared_ptr<_Ty>::operator =(std::shared_ptr<_Ty> &&) noexcept'일 수 있습니다. [C:\Users\SSAFY\Desktop\dev_ws\src\build\pubsub_cpp\pub.vcxproj]
[2.953s] C:\Program Files (x86)\Microsoft Visual Studio\2019\Community\VC\Tools\MSVC\14.29.30133\include\memory(1617,17): message : 또는       'std::shared_ptr<_Ty> &std::shared_ptr<_Ty>::operator =(const std::shared_ptr<_Ty> &) noexcept' [C:\Users\SSAFY\Desktop\dev_ws\src\build\pubsub_cpp\pub.vcxproj]
[2.953s] C:\Program Files (x86)\Microsoft Visual Studio\2019\Community\VC\Tools\MSVC\14.29.30133\include\memory(1634,17): message : 또는       'std::shared_ptr<_Ty> &std::shared_ptr<_Ty>::operator =<rclcpp::Publisher<MessageT,AllocatorT>>(std::shared_ptr<rclcpp::Publisher<MessageT,AllocatorT>> &&) noexcept' [C:\Users\SSAFY\Desktop\dev_ws\src\build\pubsub_cpp\pub.vcxproj]
[2.953s]           with
[2.953s]           [
[2.953s]               MessageT=tutorial_interfaces::msg::Num,
[2.953s]               AllocatorT=std::allocator<void>
[2.953s]           ]
[2.953s] C:\Program Files (x86)\Microsoft Visual Studio\2019\Community\VC\Tools\MSVC\14.29.30133\include\memory(1623,17): message : 또는       'std::shared_ptr<_Ty> &std::shared_ptr<_Ty>::operator =<rclcpp::Publisher<MessageT,AllocatorT>>(const std::shared_ptr<rclcpp::Publisher<MessageT,AllocatorT>> &) noexcept' [C:\Users\SSAFY\Desktop\dev_ws\src\build\pubsub_cpp\pub.vcxproj]
[2.953s]           with
[2.953s]           [
[2.953s]               MessageT=tutorial_interfaces::msg::Num,
[2.953s]               AllocatorT=std::allocator<void>
[2.953s]           ]
[2.953s] C:\Users\SSAFY\Desktop\dev_ws\src\pubsub_cpp\src\pub.cpp(21,1): message : 인수 목록 '(std::shared_ptr<rclcpp::Publisher<MessageT,AllocatorT>>, std::shared_ptr<rclcpp::Publisher<MessageT,AllocatorT>>)'을(를) 일치시키는 동안 [C:\Users\SSAFY\Desktop\dev_ws\src\build\pubsub_cpp\pub.vcxproj]
[2.953s]           with
[2.953s]           [
[2.953s]               MessageT=tutorial_interfaces::msg::Num,
[2.953s]               AllocatorT=std::allocator<void>
[2.953s]           ]
[2.953s] C:\Users\SSAFY\Desktop\dev_ws\src\pubsub_cpp\src\pub.cpp(21,1): error C2582: 'operator =' 함수는 'std::shared_ptr<rclcpp::Publisher<MessageT,AllocatorT>>'에서 사용할 수 없습니다. [C:\Users\SSAFY\Desktop\dev_ws\src\build\pubsub_cpp\pub.vcxproj]
[3.266s]   sub.vcxproj -> C:\Users\SSAFY\Desktop\dev_ws\src\build\pubsub_cpp\Release\sub.exe
[3.297s] Invoked command in 'C:\Users\SSAFY\Desktop\dev_ws\src\build\pubsub_cpp' returned '1': AMENT_PREFIX_PATH=C:\Users\SSAFY\Desktop\dev_ws\src\install\tutorial_interfaces;%AMENT_PREFIX_PATH% CL=/MP CMAKE_PREFIX_PATH=C:\Users\SSAFY\Desktop\dev_ws\src\install\tutorial_interfaces;%CMAKE_PREFIX_PATH% PYTHONPATH=C:\Users\SSAFY\Desktop\dev_ws\src\install\tutorial_interfaces\Lib\site-packages;%PYTHONPATH% Path=C:\Users\SSAFY\Desktop\dev_ws\src\install\tutorial_interfaces\bin;%Path% C:\Program Files (x86)\Microsoft Visual Studio\2019\Community\Common7\IDE\CommonExtensions\Microsoft\CMake\CMake\bin\cmake.EXE --build C:\Users\SSAFY\Desktop\dev_ws\src\build\pubsub_cpp --config Release
