[0.297s] Invoking command in 'C:\Users\SSAFY\Desktop\dev_ws\src\build\pubsub_cpp': AMENT_PREFIX_PATH=C:\Users\SSAFY\Desktop\dev_ws\src\install\tutorial_interfaces;%AMENT_PREFIX_PATH% CMAKE_PREFIX_PATH=C:\Users\SSAFY\Desktop\dev_ws\src\install\tutorial_interfaces;%CMAKE_PREFIX_PATH% PYTHONPATH=C:\Users\SSAFY\Desktop\dev_ws\src\install\tutorial_interfaces\Lib\site-packages;%PYTHONPATH% Path=C:\Users\SSAFY\Desktop\dev_ws\src\install\tutorial_interfaces\bin;%Path% C:\Program Files (x86)\Microsoft Visual Studio\2019\Community\Common7\IDE\CommonExtensions\Microsoft\CMake\CMake\bin\cmake.EXE C:\Users\SSAFY\Desktop\dev_ws\src\pubsub_cpp -DCMAKE_INSTALL_PREFIX=C:\Users\SSAFY\Desktop\dev_ws\src\install\pubsub_cpp
[0.328s] -- Selecting Windows SDK version 10.0.19041.0 to target Windows 10.0.19045.
[0.360s] -- Found ament_cmake: 0.8.2 (C:/dev/ros2-windows/share/ament_cmake/cmake)
[0.407s] -- Using PYTHON_EXECUTABLE: C:/Python37/python.exe
[0.735s] -- Override CMake install command with custom implementation using symlinks instead of copying resources
[0.782s] -- Found rclcpp: 0.8.4 (C:/dev/ros2-windows/share/rclcpp/cmake)
[0.813s] -- Found rosidl_adapter: 0.8.2 (C:/dev/ros2-windows/share/rosidl_adapter/cmake)
[0.891s] -- Found rmw_implementation_cmake: 0.8.1 (C:/dev/ros2-windows/share/rmw_implementation_cmake/cmake)
[0.907s] -- Using RMW implementation 'rmw_fastrtps_cpp' as default
[0.969s] -- Found std_msgs: 0.8.1 (C:/dev/ros2-windows/share/std_msgs/cmake)
[0.985s] -- Found tutorial_interfaces: 0.0.0 (C:/Users/SSAFY/Desktop/dev_ws/src/install/tutorial_interfaces/share/tutorial_interfaces/cmake)
[1.032s] -- Found ament_lint_auto: 0.8.1 (C:/dev/ros2-windows/share/ament_lint_auto/cmake)
[1.188s] -- Added test 'copyright' to check for copyright in CMake / C / C++ / Python code
[1.203s] -- Added test 'cppcheck' to perform static code analysis on C / C++ code
[1.203s] -- Configured cppcheck include dirs: 
[1.203s] -- Added test 'cpplint' to check C / C++ code against the Google style
[1.219s] -- Added test 'lint_cmake' to check CMake code style
[1.219s] -- Added test 'uncrustify' to check C / C++ code style
[1.219s] -- Added test 'xmllint' to check XML markup files
[1.313s] -- Configuring done
[1.532s] -- Generating done
[1.532s] -- Build files have been written to: C:/Users/SSAFY/Desktop/dev_ws/src/build/pubsub_cpp
[1.547s] Invoked command in 'C:\Users\SSAFY\Desktop\dev_ws\src\build\pubsub_cpp' returned '0': AMENT_PREFIX_PATH=C:\Users\SSAFY\Desktop\dev_ws\src\install\tutorial_interfaces;%AMENT_PREFIX_PATH% CMAKE_PREFIX_PATH=C:\Users\SSAFY\Desktop\dev_ws\src\install\tutorial_interfaces;%CMAKE_PREFIX_PATH% PYTHONPATH=C:\Users\SSAFY\Desktop\dev_ws\src\install\tutorial_interfaces\Lib\site-packages;%PYTHONPATH% Path=C:\Users\SSAFY\Desktop\dev_ws\src\install\tutorial_interfaces\bin;%Path% C:\Program Files (x86)\Microsoft Visual Studio\2019\Community\Common7\IDE\CommonExtensions\Microsoft\CMake\CMake\bin\cmake.EXE C:\Users\SSAFY\Desktop\dev_ws\src\pubsub_cpp -DCMAKE_INSTALL_PREFIX=C:\Users\SSAFY\Desktop\dev_ws\src\install\pubsub_cpp
[1.547s] Invoking command in 'C:\Users\SSAFY\Desktop\dev_ws\src\build\pubsub_cpp': AMENT_PREFIX_PATH=C:\Users\SSAFY\Desktop\dev_ws\src\install\tutorial_interfaces;%AMENT_PREFIX_PATH% CL=/MP CMAKE_PREFIX_PATH=C:\Users\SSAFY\Desktop\dev_ws\src\install\tutorial_interfaces;%CMAKE_PREFIX_PATH% PYTHONPATH=C:\Users\SSAFY\Desktop\dev_ws\src\install\tutorial_interfaces\Lib\site-packages;%PYTHONPATH% Path=C:\Users\SSAFY\Desktop\dev_ws\src\install\tutorial_interfaces\bin;%Path% C:\Program Files (x86)\Microsoft Visual Studio\2019\Community\Common7\IDE\CommonExtensions\Microsoft\CMake\CMake\bin\cmake.EXE --build C:\Users\SSAFY\Desktop\dev_ws\src\build\pubsub_cpp --config Release
[1.672s] .NET Framework용 Microsoft (R) Build Engine 버전 16.11.2+f32259642
[1.672s] Copyright (C) Microsoft Corporation. All rights reserved.
[1.672s] 
[2.235s]   pub.cpp
[2.953s] C:\Users\SSAFY\Desktop\dev_ws\src\pubsub_cpp\src\pub.cpp(18,47): error C2614: 'MyPublisher': 멤버 초기화가 잘못되었습니다. 'count_'이(가) 기본 또는 멤버가 아닙니다. [C:\Users\SSAFY\Desktop\dev_ws\src\build\pubsub_cpp\pub.vcxproj]
[2.953s] C:\Users\SSAFY\Desktop\dev_ws\src\pubsub_cpp\src\pub.cpp(23,34): error C2039: 'my_timer': 'MyPublisher'의 멤버가 아닙니다. [C:\Users\SSAFY\Desktop\dev_ws\src\build\pubsub_cpp\pub.vcxproj]
[2.953s] C:\Users\SSAFY\Desktop\dev_ws\src\pubsub_cpp\src\pub.cpp(15): message : 'MyPublisher' 선언을 참조하십시오. [C:\Users\SSAFY\Desktop\dev_ws\src\build\pubsub_cpp\pub.vcxproj]
[2.953s] C:\Users\SSAFY\Desktop\dev_ws\src\pubsub_cpp\src\pub.cpp(42,33): error C2059: 구문 오류: '상수' [C:\Users\SSAFY\Desktop\dev_ws\src\build\pubsub_cpp\pub.vcxproj]
[3.282s]   sub.vcxproj -> C:\Users\SSAFY\Desktop\dev_ws\src\build\pubsub_cpp\Release\sub.exe
[3.297s] Invoked command in 'C:\Users\SSAFY\Desktop\dev_ws\src\build\pubsub_cpp' returned '1': AMENT_PREFIX_PATH=C:\Users\SSAFY\Desktop\dev_ws\src\install\tutorial_interfaces;%AMENT_PREFIX_PATH% CL=/MP CMAKE_PREFIX_PATH=C:\Users\SSAFY\Desktop\dev_ws\src\install\tutorial_interfaces;%CMAKE_PREFIX_PATH% PYTHONPATH=C:\Users\SSAFY\Desktop\dev_ws\src\install\tutorial_interfaces\Lib\site-packages;%PYTHONPATH% Path=C:\Users\SSAFY\Desktop\dev_ws\src\install\tutorial_interfaces\bin;%Path% C:\Program Files (x86)\Microsoft Visual Studio\2019\Community\Common7\IDE\CommonExtensions\Microsoft\CMake\CMake\bin\cmake.EXE --build C:\Users\SSAFY\Desktop\dev_ws\src\build\pubsub_cpp --config Release
