[0.157s] Invoking command in 'C:\Users\SSAFY\Desktop\dev_ws\src\build\pubsub_cpp': C:\Program Files (x86)\Microsoft Visual Studio\2019\Community\Common7\IDE\CommonExtensions\Microsoft\CMake\CMake\bin\cmake.EXE C:\Users\SSAFY\Desktop\dev_ws\src\pubsub_cpp -DCMAKE_INSTALL_PREFIX=C:\Users\SSAFY\Desktop\dev_ws\src\install\pubsub_cpp
[0.188s] -- Selecting Windows SDK version 10.0.19041.0 to target Windows 10.0.19045.
[0.219s] -- Found ament_cmake: 0.8.2 (C:/dev/ros2-windows/share/ament_cmake/cmake)
[0.282s] -- Using PYTHON_EXECUTABLE: C:/Python37/python.exe
[0.625s] -- Override CMake install command with custom implementation using symlinks instead of copying resources
[0.672s] -- Found rclcpp: 0.8.4 (C:/dev/ros2-windows/share/rclcpp/cmake)
[0.719s] -- Found rosidl_adapter: 0.8.2 (C:/dev/ros2-windows/share/rosidl_adapter/cmake)
[0.797s] -- Found rmw_implementation_cmake: 0.8.1 (C:/dev/ros2-windows/share/rmw_implementation_cmake/cmake)
[0.797s] -- Using RMW implementation 'rmw_fastrtps_cpp' as default
[0.875s] -- Found std_msgs: 0.8.1 (C:/dev/ros2-windows/share/std_msgs/cmake)
[0.954s] -- Found ament_lint_auto: 0.8.1 (C:/dev/ros2-windows/share/ament_lint_auto/cmake)
[1.172s] -- Added test 'copyright' to check for copyright in CMake / C / C++ / Python code
[1.172s] -- Added test 'cppcheck' to perform static code analysis on C / C++ code
[1.172s] -- Configured cppcheck include dirs: 
[1.188s] -- Added test 'cpplint' to check C / C++ code against the Google style
[1.188s] -- Added test 'lint_cmake' to check CMake code style
[1.204s] -- Added test 'uncrustify' to check C / C++ code style
[1.204s] -- Added test 'xmllint' to check XML markup files
[1.297s] -- Configuring done
[1.500s] -- Generating done
[1.500s] -- Build files have been written to: C:/Users/SSAFY/Desktop/dev_ws/src/build/pubsub_cpp
[1.500s] Invoked command in 'C:\Users\SSAFY\Desktop\dev_ws\src\build\pubsub_cpp' returned '0': C:\Program Files (x86)\Microsoft Visual Studio\2019\Community\Common7\IDE\CommonExtensions\Microsoft\CMake\CMake\bin\cmake.EXE C:\Users\SSAFY\Desktop\dev_ws\src\pubsub_cpp -DCMAKE_INSTALL_PREFIX=C:\Users\SSAFY\Desktop\dev_ws\src\install\pubsub_cpp
[1.516s] Invoking command in 'C:\Users\SSAFY\Desktop\dev_ws\src\build\pubsub_cpp': CL=/MP C:\Program Files (x86)\Microsoft Visual Studio\2019\Community\Common7\IDE\CommonExtensions\Microsoft\CMake\CMake\bin\cmake.EXE --build C:\Users\SSAFY\Desktop\dev_ws\src\build\pubsub_cpp --config Release
[1.641s] .NET Framework용 Microsoft (R) Build Engine 버전 16.11.2+f32259642
[1.641s] Copyright (C) Microsoft Corporation. All rights reserved.
[1.641s] 
[2.157s]   pub.vcxproj -> C:\Users\SSAFY\Desktop\dev_ws\src\build\pubsub_cpp\Release\pub.exe
[2.313s]   sub.cpp
[2.672s] MSVCRT.lib(exe_main.obj) : error LNK2019: main"int __cdecl __scrt_common_main_seh(void)" (?__scrt_common_main_seh@@YAHXZ) 함수에서 참조되는 확인할 수 없는 외부 기호 [C:\Users\SSAFY\Desktop\dev_ws\src\build\pubsub_cpp\sub.vcxproj]
[2.672s] C:\Users\SSAFY\Desktop\dev_ws\src\build\pubsub_cpp\Release\sub.exe : fatal error LNK1120: 1개의 확인할 수 없는 외부 참조입니다. [C:\Users\SSAFY\Desktop\dev_ws\src\build\pubsub_cpp\sub.vcxproj]
[2.688s] Invoked command in 'C:\Users\SSAFY\Desktop\dev_ws\src\build\pubsub_cpp' returned '1': CL=/MP C:\Program Files (x86)\Microsoft Visual Studio\2019\Community\Common7\IDE\CommonExtensions\Microsoft\CMake\CMake\bin\cmake.EXE --build C:\Users\SSAFY\Desktop\dev_ws\src\build\pubsub_cpp --config Release
